[2018-01-24 11:19:18] [AbstractTest.java] [1] [INFO] 
============= Test configuration =============
url=http://www.qaprosoft.com
env=DEMO
env_arg_resolver=com.qaprosoft.carina.core.foundation.utils.DefaultEnvArgResolver
platform=*
browser=chrome
browser_version=*
selenium_host=http://localhost:4444/wd/hub
driver_mode=method_mode
driver_event_listeners=
max_driver_count=3
custom_capabilities=
extra_capabilities=
app_version=
proxy_host=
proxy_port=
proxy_protocols=http,https,ftp
browsermob_proxy=false
browsermob_port=0
proxy_set_to_system=true
report_url=
email_list=
failure_email_list=
track_known_issues=false
auto_screenshot=true
smart_screenshot=false
implicit_timeout=10
explicit_timeout=20
auto_download=false
auto_download_apps=
retry_interval=5
project_report_directory=../reports/qa
max_screen_history=10
result_sorting=true
keep_all_screenshots=false
big_screen_width=-1
big_screen_height=-1
small_screen_width=90
small_screen_height=60
sender_email=
sender_pswd=
init_retry_count=2
init_retry_interval=1
retry_count=0
enable_l10n=true
l10n_encoding=ISO-8859-1
locale=en_US
enable_i18n=true
language=en_US
thread_count=1
data_provider_thread_count=-1
core_log_level=INFO
log_all_json=true
date_format=HH:mm:ss yyyy-MM-dd
time_format=HH:mm:ss
suite_name=
ci_url=http://localhost:8080/job/carina-demo
ci_build=1
jira_updater=com.qaprosoft.carina.core.foundation.jira.DefaultJiraUpdater
jira_url=
jira_user=
jira_password=
jira_suite_id=
jira_project=
jira_project_short=
jira_create_new_ticket=false
mobile_screen_switcher=false
video_recording=false
testrail_url=
testrail_user=
testrail_password=
testrail_updater=com.qaprosoft.carina.core.foundation.report.testrail.DefaultTestRailUpdater
testrail_milestone=
testrail_assignee=
s3_bucket_name=
access_key_id=
secret_key=
s3_local_storage=.
s3_screenshot_bucket_name=
s3_save_screenshots=FALSE
hockeyapp_token=
hockeyapp_local_storage=.
add_new_localization=false
add_new_localization_encoding=utf-8
add_new_localization_path=
add_new_localization_property_name=new_custom_messages_
cucumber_tests=
cucumber_tests_app_version=
cucumber_tests_name=
cucumber_tests_results_image_resize=30
cucumber_user_js_in_report=
cucumber_report_subfolder=cucumber-html-reports
tls_keysecure_location=
health_check_class=
health_check_methods=
uninstall_related_apps=false

------------- Driver capabilities -----------
================================================

[2018-01-24 11:19:19] [L10N.java] [1] [INFO] Will use L10N encoding: ISO-8859-1
[2018-01-24 11:19:19] [TestRail.java] [1] [INFO] TestRail update utility not initialized for 'com.qaprosoft.carina.core.foundation.report.testrail.DefaultTestRailUpdater':Unable to execute request
[2018-01-24 11:19:19] [Messager.java] [1] [INFO] 
======================================================================================================================================
INFO: TEST [Wheel Chimp Tests - testHomePage] STARTED at [23:19:19 2018-01-24]
[2018-01-24 11:19:20] [DriverPool.java] [1] [ERROR] Driver initialization 'default' FAILED! Retry 1 of 3 time - Unable to create new service: ChromeDriverService
Build info: version: '3.8.1', revision: '6e95a6684b', time: '2017-12-01T19:05:32.194Z'
System info: host: 'Kapils-MacBook-Pro.local', ip: '2601:641:0:dd1d:0:0:0:63ea', os.name: 'Mac OS X', os.arch: 'x86_64', os.version: '10.13.2', java.version: '1.8.0_45'
Driver info: driver.version: unknown
Command duration or timeout: 82 milliseconds
[2018-01-24 11:19:20] [CommonUtils.java] [1] [INFO] Will wait for 1 seconds
[2018-01-24 11:19:21] [CommonUtils.java] [1] [INFO] Pause is overed. Keep going..
[2018-01-24 11:19:21] [DriverPool.java] [1] [ERROR] Driver initialization 'default' FAILED! Retry 2 of 3 time - Unable to create new service: ChromeDriverService
Build info: version: '3.8.1', revision: '6e95a6684b', time: '2017-12-01T19:05:32.194Z'
System info: host: 'Kapils-MacBook-Pro.local', ip: '2601:641:0:dd1d:0:0:0:63ea', os.name: 'Mac OS X', os.arch: 'x86_64', os.version: '10.13.2', java.version: '1.8.0_45'
Driver info: driver.version: unknown
Command duration or timeout: 15 milliseconds
[2018-01-24 11:19:21] [CommonUtils.java] [1] [INFO] Will wait for 1 seconds
[2018-01-24 11:19:22] [CommonUtils.java] [1] [INFO] Pause is overed. Keep going..
[2018-01-24 11:19:22] [DriverPool.java] [1] [ERROR] Driver initialization 'default' FAILED! Retry 3 of 3 time - Unable to create new service: ChromeDriverService
Build info: version: '3.8.1', revision: '6e95a6684b', time: '2017-12-01T19:05:32.194Z'
System info: host: 'Kapils-MacBook-Pro.local', ip: '2601:641:0:dd1d:0:0:0:63ea', os.name: 'Mac OS X', os.arch: 'x86_64', os.version: '10.13.2', java.version: '1.8.0_45'
Driver info: driver.version: unknown
Command duration or timeout: 23 milliseconds
[2018-01-24 11:19:22] [CommonUtils.java] [1] [INFO] Will wait for 1 seconds
[2018-01-24 11:19:23] [CommonUtils.java] [1] [INFO] Pause is overed. Keep going..
[2018-01-24 11:19:23] [Messager.java] [1] [INFO] 
INFO: TEST [Wheel Chimp Tests - testHomePage] FAILED at [23:19:23 2018-01-24] - org.openqa.selenium.SessionNotCreatedException: Unable to create new service: ChromeDriverService
Build info: version: '3.8.1', revision: '6e95a6684b', time: '2017-12-01T19:05:32.194Z'
System info: host: 'Kapils-MacBook-Pro.local', ip: '2601:641:0:dd1d:0:0:0:63ea', os.name: 'Mac OS X', os.arch: 'x86_64', os.version: '10.13.2', java.version: '1.8.0_45'
Driver info: driver.version: unknown
Command duration or timeout: 23 milliseconds

com.qaprosoft.carina.core.foundation.webdriver.DriverPool.createDriver(DriverPool.java:327)
com.qaprosoft.carina.core.foundation.webdriver.DriverPool.getDriver(DriverPool.java:145)
com.qaprosoft.carina.core.foundation.webdriver.DriverPool.getDriver(DriverPool.java:97)
com.qaprosoft.carina.core.foundation.AbstractTest.getDriver(AbstractTest.java:714)
com.qaprosoft.carina.core.foundation.AbstractTest.getDriver(AbstractTest.java:710)
com.wheelchimp.samples.WheelChimpTests.testHomePage(WheelChimpTests.java:11)
sun.reflect.NativeMethodAccessorImpl.invoke0(Native Method)
sun.reflect.NativeMethodAccessorImpl.invoke(NativeMethodAccessorImpl.java:62)
sun.reflect.DelegatingMethodAccessorImpl.invoke(DelegatingMethodAccessorImpl.java:43)
java.lang.reflect.Method.invoke(Method.java:497)
org.testng.internal.MethodInvocationHelper.invokeMethod(MethodInvocationHelper.java:84)
org.testng.internal.Invoker.invokeMethod(Invoker.java:714)
org.testng.internal.Invoker.invokeTestMethod(Invoker.java:901)
org.testng.internal.Invoker.invokeTestMethods(Invoker.java:1231)
org.testng.internal.TestMethodWorker.invokeTestMethods(TestMethodWorker.java:127)
org.testng.internal.TestMethodWorker.run(TestMethodWorker.java:111)
org.testng.TestRunner.privateRun(TestRunner.java:767)
org.testng.TestRunner.run(TestRunner.java:617)
org.testng.SuiteRunner.runTest(SuiteRunner.java:348)
org.testng.SuiteRunner.runSequentially(SuiteRunner.java:343)
org.testng.SuiteRunner.privateRun(SuiteRunner.java:305)
org.testng.SuiteRunner.run(SuiteRunner.java:254)
org.testng.SuiteRunnerWorker.runSuite(SuiteRunnerWorker.java:52)
org.testng.SuiteRunnerWorker.run(SuiteRunnerWorker.java:86)
org.testng.TestNG.runSuitesSequentially(TestNG.java:1224)
org.testng.TestNG.runSuitesLocally(TestNG.java:1149)
org.testng.TestNG.run(TestNG.java:1057)
org.testng.remote.AbstractRemoteTestNG.run(AbstractRemoteTestNG.java:114)
org.testng.remote.RemoteTestNG.initAndRun(RemoteTestNG.java:251)
org.testng.remote.RemoteTestNG.main(RemoteTestNG.java:77)
======================================================================================================================================
